29FaceDetection/app/build/intermediates/manifest_merge_blame_file/debug/manifest-merger-blame-debug-report.txt
1<?xml version="1.0" encoding="utf-8"?>
2<manifest xmlns:android="http://schemas.android.com/apk/res/android"
3    package="com.example.android.facedetection"
4    android:versionCode="1"
5    android:versionName="1.0" >
6
7    <uses-sdk
8        android:minSdkVersion="23"
8-->src\main\AndroidManifest.xml
9        android:targetSdkVersion="30" />
9-->src\main\AndroidManifest.xml
10
11    <!-- Although the *SdkVersion is captured in gradle build files, this is required for non gradle builds -->
12    <!-- <uses-sdk android:minSdkVersion="14"/> -->
13    <uses-permission android:name="android.permission.ACCESS_NETWORK_STATE" />
13-->[com.google.android.datatransport:transport-backend-cct:2.3.3] AndroidManifest.xml:25:5-79
13-->[com.google.android.datatransport:transport-backend-cct:2.3.3] AndroidManifest.xml:25:22-76
14    <uses-permission android:name="android.permission.INTERNET" />
14-->[com.google.android.datatransport:transport-backend-cct:2.3.3] AndroidManifest.xml:26:5-67
14-->[com.google.android.datatransport:transport-backend-cct:2.3.3] AndroidManifest.xml:26:22-64
15
16    <application
16-->src\main\AndroidManifest.xml:5:5-19:19
17        android:allowBackup="true"
17-->src\main\AndroidManifest.xml:6:9-35
18        android:appComponentFactory="androidx.core.app.CoreComponentFactory"
18-->[androidx.core:core:1.5.0] AndroidManifest.xml:24:18-86
19        android:debuggable="true"
20        android:extractNativeLibs="false"
21        android:icon="@mipmap/ic_launcher"
21-->src\main\AndroidManifest.xml:7:9-43
22        android:label="@string/app_name"
22-->src\main\AndroidManifest.xml:8:9-41
23        android:roundIcon="@mipmap/ic_launcher_round"
23-->src\main\AndroidManifest.xml:9:9-54
24        android:supportsRtl="true"
24-->src\main\AndroidManifest.xml:10:9-35
25        android:testOnly="true"
26        android:theme="@style/Theme.FaceDetection" >
26-->src\main\AndroidManifest.xml:11:9-51
27        <activity android:name="com.example.android.facedetection.MainActivity" >
27-->src\main\AndroidManifest.xml:12:9-18:20
27-->src\main\AndroidManifest.xml:12:19-47
28            <intent-filter>
28-->src\main\AndroidManifest.xml:13:13-17:29
29                <action android:name="android.intent.action.MAIN" />
29-->src\main\AndroidManifest.xml:14:17-69
29-->src\main\AndroidManifest.xml:14:25-66
30
31                <category android:name="android.intent.category.LAUNCHER" />
31-->src\main\AndroidManifest.xml:16:17-77
31-->src\main\AndroidManifest.xml:16:27-74
32            </intent-filter>
33        </activity>
34
35        <service
35-->[com.google.android.gms:play-services-mlkit-face-detection:16.2.0] AndroidManifest.xml:9:9-15:19
36            android:name="com.google.mlkit.common.internal.MlKitComponentDiscoveryService"
36-->[com.google.android.gms:play-services-mlkit-face-detection:16.2.0] AndroidManifest.xml:10:13-91
37            android:directBootAware="true"
37-->[com.google.mlkit:common:17.2.0] AndroidManifest.xml:17:13-43
38            android:exported="false" >
38-->[com.google.android.gms:play-services-mlkit-face-detection:16.2.0] AndroidManifest.xml:11:13-37
39            <meta-data
39-->[com.google.android.gms:play-services-mlkit-face-detection:16.2.0] AndroidManifest.xml:12:13-14:85
40                android:name="com.google.firebase.components:com.google.mlkit.vision.face.internal.FaceRegistrar"
40-->[com.google.android.gms:play-services-mlkit-face-detection:16.2.0] AndroidManifest.xml:13:17-114
41                android:value="com.google.firebase.components.ComponentRegistrar" />
41-->[com.google.android.gms:play-services-mlkit-face-detection:16.2.0] AndroidManifest.xml:14:17-82
42            <meta-data
42-->[com.google.mlkit:vision-common:16.5.0] AndroidManifest.xml:12:13-14:85
43                android:name="com.google.firebase.components:com.google.mlkit.vision.common.internal.VisionCommonRegistrar"
43-->[com.google.mlkit:vision-common:16.5.0] AndroidManifest.xml:13:17-124
44                android:value="com.google.firebase.components.ComponentRegistrar" />
44-->[com.google.mlkit:vision-common:16.5.0] AndroidManifest.xml:14:17-82
45            <meta-data
45-->[com.google.mlkit:common:17.2.0] AndroidManifest.xml:20:13-22:85
46                android:name="com.google.firebase.components:com.google.mlkit.common.internal.CommonComponentRegistrar"
46-->[com.google.mlkit:common:17.2.0] AndroidManifest.xml:21:17-120
47                android:value="com.google.firebase.components.ComponentRegistrar" />
47-->[com.google.mlkit:common:17.2.0] AndroidManifest.xml:22:17-82
48        </service>
49
50        <provider
50-->[com.google.mlkit:common:17.2.0] AndroidManifest.xml:9:9-13:38
51            android:name="com.google.mlkit.common.internal.MlKitInitProvider"
51-->[com.google.mlkit:common:17.2.0] AndroidManifest.xml:10:13-78
52            android:authorities="com.example.android.facedetection.mlkitinitprovider"
52-->[com.google.mlkit:common:17.2.0] AndroidManifest.xml:11:13-69
53            android:exported="false"
53-->[com.google.mlkit:common:17.2.0] AndroidManifest.xml:12:13-37
54            android:initOrder="99" />
54-->[com.google.mlkit:common:17.2.0] AndroidManifest.xml:13:13-35
55
56        <activity
56-->[com.google.android.gms:play-services-base:17.6.0] AndroidManifest.xml:23:9-26:75
57            android:name="com.google.android.gms.common.api.GoogleApiActivity"
57-->[com.google.android.gms:play-services-base:17.6.0] AndroidManifest.xml:24:13-79
58            android:exported="false"
58-->[com.google.android.gms:play-services-base:17.6.0] AndroidManifest.xml:25:13-37
59            android:theme="@android:style/Theme.Translucent.NoTitleBar" />
59-->[com.google.android.gms:play-services-base:17.6.0] AndroidManifest.xml:26:13-72
60
61        <meta-data
61-->[com.google.android.gms:play-services-basement:17.6.0] AndroidManifest.xml:23:9-25:69
62            android:name="com.google.android.gms.version"
62-->[com.google.android.gms:play-services-basement:17.6.0] AndroidManifest.xml:24:13-58
63            android:value="@integer/google_play_services_version" />
63-->[com.google.android.gms:play-services-basement:17.6.0] AndroidManifest.xml:25:13-66
64
65        <service
65-->[com.google.android.datatransport:transport-backend-cct:2.3.3] AndroidManifest.xml:29:9-35:19
66            android:name="com.google.android.datatransport.runtime.backends.TransportBackendDiscovery"
66-->[com.google.android.datatransport:transport-backend-cct:2.3.3] AndroidManifest.xml:30:13-103
67            android:exported="false" >
67-->[com.google.android.datatransport:transport-backend-cct:2.3.3] AndroidManifest.xml:31:13-37
68            <meta-data
68-->[com.google.android.datatransport:transport-backend-cct:2.3.3] AndroidManifest.xml:32:13-34:39
69                android:name="backend:com.google.android.datatransport.cct.CctBackendFactory"
69-->[com.google.android.datatransport:transport-backend-cct:2.3.3] AndroidManifest.xml:33:17-94
70                android:value="cct" />
70-->[com.google.android.datatransport:transport-backend-cct:2.3.3] AndroidManifest.xml:34:17-36
71        </service>
72        <service
72-->[com.google.android.datatransport:transport-runtime:2.2.6] AndroidManifest.xml:26:9-30:19
73            android:name="com.google.android.datatransport.runtime.scheduling.jobscheduling.JobInfoSchedulerService"
73-->[com.google.android.datatransport:transport-runtime:2.2.6] AndroidManifest.xml:27:13-117
74            android:exported="false"
74-->[com.google.android.datatransport:transport-runtime:2.2.6] AndroidManifest.xml:28:13-37
75            android:permission="android.permission.BIND_JOB_SERVICE" >
75-->[com.google.android.datatransport:transport-runtime:2.2.6] AndroidManifest.xml:29:13-69
76        </service>
77
78        <receiver
78-->[com.google.android.datatransport:transport-runtime:2.2.6] AndroidManifest.xml:32:9-34:40
79            android:name="com.google.android.datatransport.runtime.scheduling.jobscheduling.AlarmManagerSchedulerBroadcastReceiver"
79-->[com.google.android.datatransport:transport-runtime:2.2.6] AndroidManifest.xml:33:13-132
80            android:exported="false" />
80-->[com.google.android.datatransport:transport-runtime:2.2.6] AndroidManifest.xml:34:13-37
81    </application>
82
83</manifest>